11/3/2024, 12:02:01 AM [32minfo[39m: Connected to SQL Database
11/3/2024, 12:02:01 AM [32minfo[39m: Server (development) running on port 3000
11/3/2024, 12:02:09 AM [32minfo[39m: SIGTERM signal received
11/3/2024, 12:02:11 AM [32minfo[39m: Connected to SQL Database
11/3/2024, 12:02:11 AM [32minfo[39m: Server (development) running on port 3000
11/3/2024, 12:02:18 AM [32minfo[39m: POST /api/v1/auth/login 200 - 26.353 ms
11/3/2024, 12:02:18 AM [31merror[39m: PrismaClientKnownRequestError: 
Invalid `prisma.user.findUnique()` invocation in
/Users/macpro/Documents/product/hlalin-app-be/src/application/repositories/user.repository.js:5:30

  2 
  3 class UserRepository {
  4   async findById(params) {
→ 5     return await prisma.user.findUnique(
The table `public.User` does not exist in the current database.
    at Mn.handleRequestError (/Users/macpro/Documents/product/hlalin-app-be/node_modules/@prisma/client/runtime/library.js:121:7753)
    at Mn.handleAndLogRequestError (/Users/macpro/Documents/product/hlalin-app-be/node_modules/@prisma/client/runtime/library.js:121:7061)
    at Mn.request (/Users/macpro/Documents/product/hlalin-app-be/node_modules/@prisma/client/runtime/library.js:121:6745)
    at async l (/Users/macpro/Documents/product/hlalin-app-be/node_modules/@prisma/client/runtime/library.js:130:9633)
    at async UserRepository.findById (/Users/macpro/Documents/product/hlalin-app-be/src/application/repositories/user.repository.js:5:12)
11/3/2024, 12:03:10 AM [32minfo[39m: Connected to SQL Database
11/3/2024, 12:03:10 AM [32minfo[39m: Server (development) running on port 3000
11/3/2024, 12:03:15 AM [32minfo[39m: POST /api/v1/auth/login 200 - 31.137 ms
11/3/2024, 12:03:15 AM [31merror[39m: PrismaClientKnownRequestError: 
Invalid `prisma.user.findUnique()` invocation in
/Users/macpro/Documents/product/hlalin-app-be/src/application/repositories/user.repository.js:6:30

  3 class UserRepository {
  4   async findById(params) {
  5     console.log(params);
→ 6     return await prisma.user.findUnique(
The table `public.User` does not exist in the current database.
    at Mn.handleRequestError (/Users/macpro/Documents/product/hlalin-app-be/node_modules/@prisma/client/runtime/library.js:121:7753)
    at Mn.handleAndLogRequestError (/Users/macpro/Documents/product/hlalin-app-be/node_modules/@prisma/client/runtime/library.js:121:7061)
    at Mn.request (/Users/macpro/Documents/product/hlalin-app-be/node_modules/@prisma/client/runtime/library.js:121:6745)
    at async l (/Users/macpro/Documents/product/hlalin-app-be/node_modules/@prisma/client/runtime/library.js:130:9633)
    at async UserRepository.findById (/Users/macpro/Documents/product/hlalin-app-be/src/application/repositories/user.repository.js:6:12)
11/3/2024, 12:03:46 AM [32minfo[39m: Connected to SQL Database
11/3/2024, 12:03:46 AM [32minfo[39m: Server (development) running on port 3000
11/3/2024, 12:03:47 AM [32minfo[39m: POST /api/v1/auth/login 200 - 51.233 ms
11/3/2024, 12:03:47 AM [31merror[39m: PrismaClientKnownRequestError: 
Invalid `prisma.user.findUnique()` invocation in
/Users/macpro/Documents/product/hlalin-app-be/src/application/repositories/user.repository.js:6:30

  3 class UserRepository {
  4   async findById(params) {
  5     console.log(params);
→ 6     return await prisma.user.findUnique(
The table `public.User` does not exist in the current database.
    at Mn.handleRequestError (/Users/macpro/Documents/product/hlalin-app-be/node_modules/@prisma/client/runtime/library.js:121:7753)
    at Mn.handleAndLogRequestError (/Users/macpro/Documents/product/hlalin-app-be/node_modules/@prisma/client/runtime/library.js:121:7061)
    at Mn.request (/Users/macpro/Documents/product/hlalin-app-be/node_modules/@prisma/client/runtime/library.js:121:6745)
    at async l (/Users/macpro/Documents/product/hlalin-app-be/node_modules/@prisma/client/runtime/library.js:130:9633)
    at async UserRepository.findById (/Users/macpro/Documents/product/hlalin-app-be/src/application/repositories/user.repository.js:6:12)
11/3/2024, 12:04:59 AM [32minfo[39m: Connected to SQL Database
11/3/2024, 12:04:59 AM [32minfo[39m: Server (development) running on port 3000
11/3/2024, 12:05:02 AM [32minfo[39m: POST /api/v1/auth/login 200 - 52.859 ms
11/3/2024, 12:05:02 AM [31merror[39m: PrismaClientValidationError: 
Invalid `prisma.users.findUnique()` invocation in
/Users/macpro/Documents/product/hlalin-app-be/src/application/repositories/user.repository.js:6:31

  3 class UserRepository {
  4   async findById(params) {
  5     console.log(params);
→ 6     return await prisma.users.findUnique({
          where: {
            email: "Abc@mail.com",
        ?   id?: BigInt,
        ?   email_nickname?: usersEmailNicknameCompoundUniqueInput,
        ?   AND?: usersWhereInput | usersWhereInput[],
        ?   OR?: usersWhereInput[],
        ?   NOT?: usersWhereInput | usersWhereInput[],
        ?   password?: StringNullableFilter | String | Null,
        ?   nickname?: StringNullableFilter | String | Null,
        ?   date_of_birth?: DateTimeNullableFilter | DateTime | Null
          }
        })

Argument `where` of type usersWhereUniqueInput needs at least one of `id` or `email_nickname` arguments. Available options are marked with ?.
    at Dn (/Users/macpro/Documents/product/hlalin-app-be/node_modules/@prisma/client/runtime/library.js:114:8082)
    at Mn.handleRequestError (/Users/macpro/Documents/product/hlalin-app-be/node_modules/@prisma/client/runtime/library.js:121:7396)
    at Mn.handleAndLogRequestError (/Users/macpro/Documents/product/hlalin-app-be/node_modules/@prisma/client/runtime/library.js:121:7061)
    at Mn.request (/Users/macpro/Documents/product/hlalin-app-be/node_modules/@prisma/client/runtime/library.js:121:6745)
    at async l (/Users/macpro/Documents/product/hlalin-app-be/node_modules/@prisma/client/runtime/library.js:130:9633)
    at async UserRepository.findById (/Users/macpro/Documents/product/hlalin-app-be/src/application/repositories/user.repository.js:6:12)
11/3/2024, 12:05:51 AM [32minfo[39m: Connected to SQL Database
11/3/2024, 12:05:51 AM [32minfo[39m: Server (development) running on port 3000
11/3/2024, 12:06:47 AM [32minfo[39m: SIGTERM signal received
11/3/2024, 12:07:06 AM [32minfo[39m: Connected to SQL Database
11/3/2024, 12:07:06 AM [32minfo[39m: Server (development) running on port 3000
11/3/2024, 12:07:11 AM [32minfo[39m: POST /api/v1/auth/login 200 - 32.034 ms
11/3/2024, 12:07:11 AM [31merror[39m: TypeError: Cannot read properties of null (reading 'length')
    at /Users/macpro/Documents/product/hlalin-app-be/src/application/use_cases/auth/login.use_case.js:9:15
11/3/2024, 12:07:25 AM [32minfo[39m: Connected to SQL Database
11/3/2024, 12:07:25 AM [32minfo[39m: Server (development) running on port 3000
11/3/2024, 12:07:26 AM [32minfo[39m: POST /api/v1/auth/login 200 - 37.219 ms
11/3/2024, 12:07:26 AM [31merror[39m: TypeError: Cannot read properties of null (reading 'length')
    at /Users/macpro/Documents/product/hlalin-app-be/src/application/use_cases/auth/login.use_case.js:9:15
11/3/2024, 12:08:06 AM [32minfo[39m: Connected to SQL Database
11/3/2024, 12:08:06 AM [32minfo[39m: Server (development) running on port 3000
11/3/2024, 12:08:16 AM [32minfo[39m: SIGTERM signal received
11/3/2024, 12:08:17 AM [32minfo[39m: Connected to SQL Database
11/3/2024, 12:08:17 AM [32minfo[39m: Server (development) running on port 3000
11/3/2024, 12:08:19 AM [32minfo[39m: POST /api/v1/auth/login 200 - 29.142 ms
11/3/2024, 12:08:45 AM [32minfo[39m: SIGTERM signal received
11/3/2024, 12:08:45 AM [32minfo[39m: Connected to SQL Database
11/3/2024, 12:08:45 AM [32minfo[39m: Server (development) running on port 3000
11/3/2024, 12:08:52 AM [32minfo[39m: POST /api/v1/auth/login 200 - 26.786 ms
11/3/2024, 12:08:52 AM [31merror[39m: Error: Invalid email or password
    at /Users/macpro/Documents/product/hlalin-app-be/src/application/use_cases/auth/login.use_case.js:10:21
11/3/2024, 12:11:00 AM [32minfo[39m: Connected to SQL Database
11/3/2024, 12:11:00 AM [32minfo[39m: Server (development) running on port 3000
11/3/2024, 12:11:15 AM [32minfo[39m: SIGTERM signal received
11/3/2024, 12:11:16 AM [32minfo[39m: Connected to SQL Database
11/3/2024, 12:11:16 AM [32minfo[39m: Server (development) running on port 3000
11/3/2024, 12:11:17 AM [32minfo[39m: POST /api/v1/auth/login 200 - 22.893 ms
11/3/2024, 12:11:53 AM [32minfo[39m: SIGTERM signal received
11/3/2024, 12:11:53 AM [32minfo[39m: Connected to SQL Database
11/3/2024, 12:11:53 AM [32minfo[39m: Server (development) running on port 3000
11/3/2024, 12:11:55 AM [32minfo[39m: SIGTERM signal received
11/3/2024, 12:11:56 AM [32minfo[39m: Connected to SQL Database
11/3/2024, 12:11:56 AM [32minfo[39m: Server (development) running on port 3000
11/3/2024, 12:12:21 AM [32minfo[39m: POST /api/v1/auth/login 200 - 30.022 ms
11/3/2024, 12:12:33 AM [32minfo[39m: SIGTERM signal received
11/3/2024, 12:12:33 AM [32minfo[39m: Connected to SQL Database
11/3/2024, 12:12:33 AM [32minfo[39m: Server (development) running on port 3000
11/3/2024, 12:13:19 AM [32minfo[39m: POST /api/v1/auth/login 200 - 25.036 ms
11/3/2024, 12:13:22 AM [32minfo[39m: POST /api/v1/auth/login 200 - 2.349 ms
11/3/2024, 12:13:24 AM [32minfo[39m: POST /api/v1/auth/login 200 - 1.245 ms
11/3/2024, 12:13:47 AM [32minfo[39m: SIGTERM signal received
11/3/2024, 12:13:48 AM [32minfo[39m: Connected to SQL Database
11/3/2024, 12:13:48 AM [32minfo[39m: Server (development) running on port 3000
11/3/2024, 12:14:03 AM [32minfo[39m: POST /api/v1/auth/login 200 - 26.595 ms
11/3/2024, 12:14:19 AM [32minfo[39m: SIGTERM signal received
11/3/2024, 12:14:19 AM [32minfo[39m: Connected to SQL Database
11/3/2024, 12:14:19 AM [32minfo[39m: Server (development) running on port 3000
11/3/2024, 12:14:25 AM [32minfo[39m: POST /api/v1/auth/login 200 - 25.989 ms
11/3/2024, 12:14:46 AM [32minfo[39m: SIGTERM signal received
11/3/2024, 12:14:47 AM [32minfo[39m: Connected to SQL Database
11/3/2024, 12:14:47 AM [32minfo[39m: Server (development) running on port 3000
11/3/2024, 12:14:52 AM [32minfo[39m: SIGTERM signal received
11/3/2024, 12:14:53 AM [32minfo[39m: Connected to SQL Database
11/3/2024, 12:14:53 AM [32minfo[39m: Server (development) running on port 3000
11/3/2024, 12:14:55 AM [32minfo[39m: SIGTERM signal received
11/3/2024, 12:14:55 AM [32minfo[39m: Connected to SQL Database
11/3/2024, 12:14:55 AM [32minfo[39m: Server (development) running on port 3000
11/3/2024, 12:14:58 AM [32minfo[39m: POST /api/v1/auth/login 200 - 24.983 ms
11/3/2024, 12:15:19 AM [32minfo[39m: SIGTERM signal received
11/3/2024, 12:15:19 AM [32minfo[39m: Connected to SQL Database
11/3/2024, 12:15:19 AM [32minfo[39m: Server (development) running on port 3000
11/3/2024, 12:15:24 AM [32minfo[39m: POST /api/v1/auth/login 200 - 25.031 ms
11/3/2024, 10:08:56 AM [32minfo[39m: SIGTERM signal received
11/3/2024, 10:08:57 AM [32minfo[39m: Connected to SQL Database
11/3/2024, 10:08:57 AM [32minfo[39m: Server (development) running on port 3000
11/3/2024, 10:10:25 AM [32minfo[39m: SIGTERM signal received
11/3/2024, 10:10:26 AM [32minfo[39m: Connected to SQL Database
11/3/2024, 10:10:26 AM [32minfo[39m: Server (development) running on port 3000
11/3/2024, 10:10:26 AM [32minfo[39m: SIGTERM signal received
11/3/2024, 10:10:27 AM [32minfo[39m: SIGTERM signal received
11/3/2024, 10:10:27 AM [32minfo[39m: Connected to SQL Database
11/3/2024, 10:10:27 AM [32minfo[39m: Server (development) running on port 3000
